Warning: sta.tcl, 5 report_checks -verbose is not a known keyword or flag.
Startpoint: reset (input port clocked by MYCLK)
Endpoint: _387_ (removal check against rising-edge clock MYCLK)
Path Group: **async_default**
Path Type: min

Fanout       Cap      Slew     Delay      Time   Description
------------------------------------------------------------------------------------
                   0.0000    0.0000    0.0000   clock MYCLK (rise edge)
                             3.0000    3.0000   clock network delay (ideal)
                             1.0000    4.0000 v input external delay
                   0.1000    0.0000    4.0000 v reset (in)
    1    0.0028                                 reset (net)
                   0.1000    0.0000    4.0000 v _331_/A (sky130_fd_sc_hd__clkinv_1)
                   0.7034    0.5330    4.5330 ^ _331_/Y (sky130_fd_sc_hd__clkinv_1)
   40    0.1430                                 _224_ (net)
                   0.7034    0.0000    4.5330 ^ _387_/RESET_B (sky130_fd_sc_hd__dfrtp_1)
                                       4.5330   data arrival time

                   0.0000    0.0000    0.0000   clock MYCLK (rise edge)
                             3.0000    3.0000   clock network delay (ideal)
                             0.1000    3.1000   clock uncertainty
                             0.0000    3.1000   clock reconvergence pessimism
                                       3.1000 ^ _387_/CLK (sky130_fd_sc_hd__dfrtp_1)
                             0.4180    3.5180   library removal time
                                       3.5180   data required time
------------------------------------------------------------------------------------
                                       3.5180   data required time
                                      -4.5330   data arrival time
------------------------------------------------------------------------------------
                                       1.0149   slack (MET)


Startpoint: _421_ (rising edge-triggered flip-flop clocked by MYCLK)
Endpoint: _421_ (rising edge-triggered flip-flop clocked by MYCLK)
Path Group: MYCLK
Path Type: min

Fanout       Cap      Slew     Delay      Time   Description
------------------------------------------------------------------------------------
                   0.0000    0.0000    0.0000   clock MYCLK (rise edge)
                             3.0000    3.0000   clock network delay (ideal)
                   0.0000    0.0000    3.0000 ^ _421_/CLK (sky130_fd_sc_hd__dfrtp_1)
                   0.0800    0.2575    3.2575 ^ _421_/Q (sky130_fd_sc_hd__dfrtp_1)
    4    0.0089                                 counter_PWM[0] (net)
                   0.0800    0.0000    3.2575 ^ _351_/A (sky130_fd_sc_hd__nor2_1)
                   0.0243    0.0333    3.2908 v _351_/Y (sky130_fd_sc_hd__nor2_1)
    1    0.0020                                 _187_ (net)
                   0.0243    0.0000    3.2908 v _421_/D (sky130_fd_sc_hd__dfrtp_1)
                                       3.2908   data arrival time

                   0.0000    0.0000    0.0000   clock MYCLK (rise edge)
                             3.0000    3.0000   clock network delay (ideal)
                             0.1000    3.1000   clock uncertainty
                             0.0000    3.1000   clock reconvergence pessimism
                                       3.1000 ^ _421_/CLK (sky130_fd_sc_hd__dfrtp_1)
                            -0.0404    3.0596   library hold time
                                       3.0596   data required time
------------------------------------------------------------------------------------
                                       3.0596   data required time
                                      -3.2908   data arrival time
------------------------------------------------------------------------------------
                                       0.2311   slack (MET)


Startpoint: _424_ (rising edge-triggered flip-flop clocked by MYCLK)
Endpoint: PWM_OUT (output port clocked by MYGEN_CLK)
Path Group: MYGEN_CLK
Path Type: min

Fanout       Cap      Slew     Delay      Time   Description
------------------------------------------------------------------------------------
                   0.0000    0.0000    0.0000   clock MYCLK (rise edge)
                             3.0000    3.0000   clock network delay (ideal)
                   0.0000    0.0000    3.0000 ^ _424_/CLK (sky130_fd_sc_hd__dfrtp_1)
                   0.0743    0.2529    3.2529 ^ _424_/Q (sky130_fd_sc_hd__dfrtp_1)
    3    0.0081                                 counter_PWM[3] (net)
                   0.0743    0.0000    3.2529 ^ _329_/A (sky130_fd_sc_hd__clkinv_1)
                   0.0403    0.0560    3.3089 v _329_/Y (sky130_fd_sc_hd__clkinv_1)
    2    0.0047                                 _301_ (net)
                   0.0403    0.0000    3.3089 v _360_/B (sky130_fd_sc_hd__maj3_1)
                   0.2092    0.3881    3.6970 v _360_/X (sky130_fd_sc_hd__maj3_1)
    1    0.0500                                 _223_ (net)
                   0.2092    0.0000    3.6970 v PWM_OUT (out)
                                       3.6970   data arrival time

                   0.0000    0.0000    0.0000   clock MYGEN_CLK (rise edge)
                             0.0000    0.0000   clock network delay (ideal)
                             0.0000    0.0000   clock reconvergence pessimism
                            -1.0000   -1.0000   output external delay
                                      -1.0000   data required time
------------------------------------------------------------------------------------
                                      -1.0000   data required time
                                      -3.6970   data arrival time
------------------------------------------------------------------------------------
                                       4.6970   slack (MET)


Startpoint: reset (input port clocked by MYCLK)
Endpoint: _387_ (recovery check against rising-edge clock MYCLK)
Path Group: **async_default**
Path Type: max

Fanout       Cap      Slew     Delay      Time   Description
------------------------------------------------------------------------------------
                   0.0000    0.0000    0.0000   clock MYCLK (rise edge)
                             3.0000    3.0000   clock network delay (ideal)
                             5.0000    8.0000 v input external delay
                   0.4000    0.0000    8.0000 v reset (in)
    1    0.0028                                 reset (net)
                   0.4000    0.0000    8.0000 v _331_/A (sky130_fd_sc_hd__clkinv_1)
                   0.7114    0.6676    8.6676 ^ _331_/Y (sky130_fd_sc_hd__clkinv_1)
   40    0.1430                                 _224_ (net)
                   0.7114    0.0000    8.6676 ^ _387_/RESET_B (sky130_fd_sc_hd__dfrtp_1)
                                       8.6676   data arrival time

                   0.0000   10.0000   10.0000   clock MYCLK (rise edge)
                             3.0000   13.0000   clock network delay (ideal)
                            -0.5000   12.5000   clock uncertainty
                             0.0000   12.5000   clock reconvergence pessimism
                                      12.5000 ^ _387_/CLK (sky130_fd_sc_hd__dfrtp_1)
                             0.0067   12.5067   library recovery time
                                      12.5067   data required time
------------------------------------------------------------------------------------
                                      12.5067   data required time
                                      -8.6676   data arrival time
------------------------------------------------------------------------------------
                                       3.8391   slack (MET)


Startpoint: increase_duty (input port clocked by MYCLK)
Endpoint: _418_ (rising edge-triggered flip-flop clocked by MYCLK)
Path Group: MYCLK
Path Type: max

Fanout       Cap      Slew     Delay      Time   Description
------------------------------------------------------------------------------------
                   0.0000    0.0000    0.0000   clock MYCLK (rise edge)
                             3.0000    3.0000   clock network delay (ideal)
                             5.0000    8.0000 v input external delay
                   0.4000    0.0000    8.0000 v increase_duty (in)
    1    0.0018                                 increase_duty (net)
                   0.4000    0.0000    8.0000 v _382_/A1 (sky130_fd_sc_hd__mux2_1)
                   0.0430    0.3202    8.3202 v _382_/X (sky130_fd_sc_hd__mux2_1)
    1    0.0020                                 _229_ (net)
                   0.0430    0.0000    8.3202 v _418_/D (sky130_fd_sc_hd__dfrtp_1)
                                       8.3202   data arrival time

                   0.0000   10.0000   10.0000   clock MYCLK (rise edge)
                             3.0000   13.0000   clock network delay (ideal)
                            -0.5000   12.5000   clock uncertainty
                             0.0000   12.5000   clock reconvergence pessimism
                                      12.5000 ^ _418_/CLK (sky130_fd_sc_hd__dfrtp_1)
                            -0.0990   12.4010   library setup time
                                      12.4010   data required time
------------------------------------------------------------------------------------
                                      12.4010   data required time
                                      -8.3202   data arrival time
------------------------------------------------------------------------------------
                                       4.0808   slack (MET)


Startpoint: _386_ (rising edge-triggered flip-flop clocked by MYCLK)
Endpoint: PWM_OUT (output port clocked by MYGEN_CLK)
Path Group: MYGEN_CLK
Path Type: max

Fanout       Cap      Slew     Delay      Time   Description
------------------------------------------------------------------------------------
                   0.0000    0.0000    0.0000   clock MYCLK (rise edge)
                             3.0000    3.0000   clock network delay (ideal)
                   0.0000    0.0000    3.0000 ^ _386_/CLK (sky130_fd_sc_hd__dfstp_2)
                   0.0791    0.4002    3.4002 ^ _386_/Q (sky130_fd_sc_hd__dfstp_2)
    5    0.0160                                 DUTY_CYCLE[0] (net)
                   0.0791    0.0000    3.4002 ^ _357_/A (sky130_fd_sc_hd__lpflow_isobufsrc_1)
                   0.0782    0.1095    3.5097 ^ _357_/X (sky130_fd_sc_hd__lpflow_isobufsrc_1)
    1    0.0033                                 _279_ (net)
                   0.0782    0.0000    3.5097 ^ _358_/C (sky130_fd_sc_hd__maj3_1)
                   0.0472    0.1194    3.6291 ^ _358_/X (sky130_fd_sc_hd__maj3_1)
    1    0.0033                                 _280_ (net)
                   0.0472    0.0000    3.6291 ^ _359_/C (sky130_fd_sc_hd__maj3_1)
                   0.0469    0.1110    3.7401 ^ _359_/X (sky130_fd_sc_hd__maj3_1)
    1    0.0033                                 _281_ (net)
                   0.0469    0.0000    3.7401 ^ _360_/C (sky130_fd_sc_hd__maj3_1)
                   0.8611    0.6857    4.4258 ^ _360_/X (sky130_fd_sc_hd__maj3_1)
    1    0.1000                                 _223_ (net)
                   0.8611    0.0000    4.4258 ^ PWM_OUT (out)
                                       4.4258   data arrival time

                   0.0000   10.0000   10.0000   clock MYGEN_CLK (rise edge)
                             0.0000   10.0000   clock network delay (ideal)
                             0.0000   10.0000   clock reconvergence pessimism
                            -3.0000    7.0000   output external delay
                                       7.0000   data required time
------------------------------------------------------------------------------------
                                       7.0000   data required time
                                      -4.4258   data arrival time
------------------------------------------------------------------------------------
                                       2.5742   slack (MET)


